2025-02-03 12:06:13.728+08 0ms INFO main [examples\01_basic_usage.rs:174] tree_size=8
2025-02-03 12:06:13.728+08 0ms INFO main [examples\01_basic_usage.rs:63] -----------------------------(BtNodeExample::tick start)-----------------------------
2025-02-03 12:06:13.728+08 0ms INFO main [examples\01_basic_usage.rs:79] bb_data1=11111
2025-02-03 12:06:13.728+08 0ms INFO main [examples\01_basic_usage.rs:80] bb_data2=22000
2025-02-03 12:06:13.728+08 0ms INFO main [examples\01_basic_usage.rs:81] meta_data1=10000
2025-02-03 12:06:13.728+08 0ms INFO main [examples\01_basic_usage.rs:82] meta_data2=20000
2025-02-03 12:06:13.728+08 0ms INFO main [examples\01_basic_usage.rs:83] dyn_data1=11111
2025-02-03 12:06:13.728+08 0ms INFO main [examples\01_basic_usage.rs:84] dyn_data2=22000
2025-02-03 12:06:13.728+08 0ms INFO main [examples\01_basic_usage.rs:85] tick_count=1
2025-02-03 12:06:13.728+08 0ms INFO main [examples\01_basic_usage.rs:63] -----------------------------(BtNodeExample::tick start)-----------------------------
2025-02-03 12:06:13.728+08 0ms INFO main [examples\01_basic_usage.rs:79] bb_data1=2222
2025-02-03 12:06:13.728+08 0ms INFO main [examples\01_basic_usage.rs:80] bb_data2=32000
2025-02-03 12:06:13.728+08 0ms INFO main [examples\01_basic_usage.rs:81] meta_data1=50000
2025-02-03 12:06:13.728+08 0ms INFO main [examples\01_basic_usage.rs:82] meta_data2=10000
2025-02-03 12:06:13.728+08 0ms INFO main [examples\01_basic_usage.rs:83] dyn_data1=2222
2025-02-03 12:06:13.728+08 0ms INFO main [examples\01_basic_usage.rs:84] dyn_data2=32000
2025-02-03 12:06:13.728+08 0ms INFO main [examples\01_basic_usage.rs:85] tick_count=1
2025-02-03 12:06:13.728+08 0ms INFO main [examples\01_basic_usage.rs:63] -----------------------------(BtNodeExample::tick start)-----------------------------
2025-02-03 12:06:13.728+08 0ms INFO main [examples\01_basic_usage.rs:79] bb_data1=11111
2025-02-03 12:06:13.728+08 0ms INFO main [examples\01_basic_usage.rs:80] bb_data2=52000
2025-02-03 12:06:13.728+08 0ms INFO main [examples\01_basic_usage.rs:81] meta_data1=10000
2025-02-03 12:06:13.728+08 0ms INFO main [examples\01_basic_usage.rs:82] meta_data2=20000
2025-02-03 12:06:13.728+08 0ms INFO main [examples\01_basic_usage.rs:83] dyn_data1=11111
2025-02-03 12:06:13.728+08 0ms INFO main [examples\01_basic_usage.rs:84] dyn_data2=52000
2025-02-03 12:06:13.728+08 0ms INFO main [examples\01_basic_usage.rs:85] tick_count=2
2025-02-03 12:06:13.728+08 0ms INFO main [examples\01_basic_usage.rs:63] -----------------------------(BtNodeExample::tick start)-----------------------------
2025-02-03 12:06:13.728+08 0ms INFO main [examples\01_basic_usage.rs:79] bb_data1=2222
2025-02-03 12:06:13.728+08 0ms INFO main [examples\01_basic_usage.rs:80] bb_data2=62000
2025-02-03 12:06:13.728+08 0ms INFO main [examples\01_basic_usage.rs:81] meta_data1=50000
2025-02-03 12:06:13.728+08 0ms INFO main [examples\01_basic_usage.rs:82] meta_data2=10000
2025-02-03 12:06:13.728+08 0ms INFO main [examples\01_basic_usage.rs:83] dyn_data1=2222
2025-02-03 12:06:13.728+08 0ms INFO main [examples\01_basic_usage.rs:84] dyn_data2=62000
2025-02-03 12:06:13.728+08 0ms INFO main [examples\01_basic_usage.rs:85] tick_count=2
2025-02-03 12:06:13.728+08 0ms INFO main [examples\01_basic_usage.rs:179] tree: 
[1]SequenceNode:Success
└── [2]BtActNodeExample:Success
└── [3]BtActNodeExample:Success

2025-02-03 12:06:13.728+08 0ms INFO main [examples\01_basic_usage.rs:183] blackboard: 
SharedBlackBoardValue { bb_name: "blackboard_data1", bb_type: "i32", bb_value: RefCell { value: 2222 } }
SharedBlackBoardValue { bb_name: "blackboard_data2", bb_type: "f32", bb_value: RefCell { value: 62000.0 } }

2025-02-03 12:10:04.187+08 0ms INFO main [examples\01_basic_usage.rs:172] tree_size=8
2025-02-03 12:10:04.187+08 0ms INFO main [examples\01_basic_usage.rs:61] -----------------------------(BtNodeExample::tick start)-----------------------------
2025-02-03 12:10:04.187+08 0ms INFO main [examples\01_basic_usage.rs:77] bb_data1=111
2025-02-03 12:10:04.187+08 0ms INFO main [examples\01_basic_usage.rs:78] bb_data2=20000
2025-02-03 12:10:04.187+08 0ms INFO main [examples\01_basic_usage.rs:79] meta_data1=10000
2025-02-03 12:10:04.187+08 0ms INFO main [examples\01_basic_usage.rs:80] meta_data2=20000
2025-02-03 12:10:04.187+08 0ms INFO main [examples\01_basic_usage.rs:81] dyn_data1=111
2025-02-03 12:10:04.187+08 0ms INFO main [examples\01_basic_usage.rs:82] dyn_data2=20000
2025-02-03 12:10:04.187+08 0ms INFO main [examples\01_basic_usage.rs:83] tick_count=1
2025-02-03 12:10:04.187+08 0ms INFO main [examples\01_basic_usage.rs:61] -----------------------------(BtNodeExample::tick start)-----------------------------
2025-02-03 12:10:04.187+08 0ms INFO main [examples\01_basic_usage.rs:77] bb_data1=222
2025-02-03 12:10:04.187+08 0ms INFO main [examples\01_basic_usage.rs:78] bb_data2=220000
2025-02-03 12:10:04.187+08 0ms INFO main [examples\01_basic_usage.rs:79] meta_data1=100000
2025-02-03 12:10:04.187+08 0ms INFO main [examples\01_basic_usage.rs:80] meta_data2=200000
2025-02-03 12:10:04.187+08 0ms INFO main [examples\01_basic_usage.rs:81] dyn_data1=222
2025-02-03 12:10:04.187+08 0ms INFO main [examples\01_basic_usage.rs:82] dyn_data2=220000
2025-02-03 12:10:04.187+08 0ms INFO main [examples\01_basic_usage.rs:83] tick_count=1
2025-02-03 12:10:04.187+08 0ms INFO main [examples\01_basic_usage.rs:61] -----------------------------(BtNodeExample::tick start)-----------------------------
2025-02-03 12:10:04.187+08 0ms INFO main [examples\01_basic_usage.rs:77] bb_data1=111
2025-02-03 12:10:04.187+08 0ms INFO main [examples\01_basic_usage.rs:78] bb_data2=240000
2025-02-03 12:10:04.187+08 0ms INFO main [examples\01_basic_usage.rs:79] meta_data1=10000
2025-02-03 12:10:04.187+08 0ms INFO main [examples\01_basic_usage.rs:80] meta_data2=20000
2025-02-03 12:10:04.187+08 0ms INFO main [examples\01_basic_usage.rs:81] dyn_data1=111
2025-02-03 12:10:04.187+08 0ms INFO main [examples\01_basic_usage.rs:82] dyn_data2=240000
2025-02-03 12:10:04.187+08 0ms INFO main [examples\01_basic_usage.rs:83] tick_count=2
2025-02-03 12:10:04.187+08 0ms INFO main [examples\01_basic_usage.rs:61] -----------------------------(BtNodeExample::tick start)-----------------------------
2025-02-03 12:10:04.187+08 0ms INFO main [examples\01_basic_usage.rs:77] bb_data1=222
2025-02-03 12:10:04.187+08 0ms INFO main [examples\01_basic_usage.rs:78] bb_data2=440000
2025-02-03 12:10:04.187+08 0ms INFO main [examples\01_basic_usage.rs:79] meta_data1=100000
2025-02-03 12:10:04.187+08 0ms INFO main [examples\01_basic_usage.rs:80] meta_data2=200000
2025-02-03 12:10:04.187+08 0ms INFO main [examples\01_basic_usage.rs:81] dyn_data1=222
2025-02-03 12:10:04.187+08 0ms INFO main [examples\01_basic_usage.rs:82] dyn_data2=440000
2025-02-03 12:10:04.187+08 0ms INFO main [examples\01_basic_usage.rs:83] tick_count=2
2025-02-03 12:10:04.187+08 0ms INFO main [examples\01_basic_usage.rs:177] tree: 
[1]SequenceNode:Success
└── [2]BtActNodeExample:Success
└── [3]BtActNodeExample:Success

2025-02-03 12:10:04.187+08 0ms INFO main [examples\01_basic_usage.rs:181] blackboard: 
SharedBlackBoardValue { bb_name: "blackboard_data2", bb_type: "f32", bb_value: RefCell { value: 440000.0 } }
SharedBlackBoardValue { bb_name: "blackboard_data1", bb_type: "i32", bb_value: RefCell { value: 222 } }

2025-02-03 12:26:57.903+08 0ms INFO main [examples\01_basic_usage.rs:178] tree_size=8
2025-02-03 12:26:57.903+08 0ms INFO main [examples\01_basic_usage.rs:63] -----------------------------(BtNodeExample::tick start)-----------------------------
2025-02-03 12:26:57.903+08 0ms INFO main [examples\01_basic_usage.rs:79] bb_data1=111
2025-02-03 12:26:57.903+08 0ms INFO main [examples\01_basic_usage.rs:80] bb_data2=20000
2025-02-03 12:26:57.903+08 0ms INFO main [examples\01_basic_usage.rs:81] meta_data1=10000
2025-02-03 12:26:57.903+08 0ms INFO main [examples\01_basic_usage.rs:82] meta_data2=20000
2025-02-03 12:26:57.903+08 0ms INFO main [examples\01_basic_usage.rs:83] dyn_data1=111
2025-02-03 12:26:57.903+08 0ms INFO main [examples\01_basic_usage.rs:84] dyn_data2=20000
2025-02-03 12:26:57.903+08 0ms INFO main [examples\01_basic_usage.rs:85] tick_count=1
2025-02-03 12:26:57.903+08 0ms INFO main [examples\01_basic_usage.rs:63] -----------------------------(BtNodeExample::tick start)-----------------------------
2025-02-03 12:26:57.903+08 0ms INFO main [examples\01_basic_usage.rs:79] bb_data1=222
2025-02-03 12:26:57.903+08 0ms INFO main [examples\01_basic_usage.rs:80] bb_data2=220000
2025-02-03 12:26:57.903+08 0ms INFO main [examples\01_basic_usage.rs:81] meta_data1=100000
2025-02-03 12:26:57.903+08 1ms INFO main [examples\01_basic_usage.rs:82] meta_data2=200000
2025-02-03 12:26:57.903+08 1ms INFO main [examples\01_basic_usage.rs:83] dyn_data1=222
2025-02-03 12:26:57.903+08 1ms INFO main [examples\01_basic_usage.rs:84] dyn_data2=220000
2025-02-03 12:26:57.903+08 1ms INFO main [examples\01_basic_usage.rs:85] tick_count=1
2025-02-03 12:26:57.903+08 1ms INFO main [examples\01_basic_usage.rs:63] -----------------------------(BtNodeExample::tick start)-----------------------------
2025-02-03 12:26:57.903+08 1ms INFO main [examples\01_basic_usage.rs:79] bb_data1=111
2025-02-03 12:26:57.903+08 1ms INFO main [examples\01_basic_usage.rs:80] bb_data2=240000
2025-02-03 12:26:57.903+08 1ms INFO main [examples\01_basic_usage.rs:81] meta_data1=10000
2025-02-03 12:26:57.903+08 1ms INFO main [examples\01_basic_usage.rs:82] meta_data2=20000
2025-02-03 12:26:57.903+08 2ms INFO main [examples\01_basic_usage.rs:83] dyn_data1=111
2025-02-03 12:26:57.903+08 2ms INFO main [examples\01_basic_usage.rs:84] dyn_data2=240000
2025-02-03 12:26:57.903+08 2ms INFO main [examples\01_basic_usage.rs:85] tick_count=2
2025-02-03 12:26:57.903+08 2ms INFO main [examples\01_basic_usage.rs:63] -----------------------------(BtNodeExample::tick start)-----------------------------
2025-02-03 12:26:57.903+08 2ms INFO main [examples\01_basic_usage.rs:79] bb_data1=222
2025-02-03 12:26:57.903+08 2ms INFO main [examples\01_basic_usage.rs:80] bb_data2=440000
2025-02-03 12:26:57.903+08 2ms INFO main [examples\01_basic_usage.rs:81] meta_data1=100000
2025-02-03 12:26:57.903+08 3ms INFO main [examples\01_basic_usage.rs:82] meta_data2=200000
2025-02-03 12:26:57.903+08 3ms INFO main [examples\01_basic_usage.rs:83] dyn_data1=222
2025-02-03 12:26:57.903+08 3ms INFO main [examples\01_basic_usage.rs:84] dyn_data2=440000
2025-02-03 12:26:57.903+08 3ms INFO main [examples\01_basic_usage.rs:85] tick_count=2
2025-02-03 12:26:57.904+08 3ms INFO main [examples\01_basic_usage.rs:183] tree: 
[1]SequenceNode:Success
└── [2]BtActNodeExample:Success
└── [3]BtActNodeExample:Success

2025-02-03 12:26:57.904+08 3ms INFO main [examples\01_basic_usage.rs:187] blackboard: 
SharedBlackBoardValue { bb_name: "blackboard_data2", bb_type: "f32", bb_value: RefCell { value: 440000.0 } }
SharedBlackBoardValue { bb_name: "blackboard_data1", bb_type: "i32", bb_value: RefCell { value: 222 } }

