2025-02-03 13:57:54.155+08 0ms INFO main [examples\06_expression.rs:200] blackboard: 
SharedBlackBoardValue { bb_name: "num", bb_type: "i32", bb_value: RefCell { value: 2 } }

2025-02-03 13:57:54.155+08 0ms INFO main [examples\06_expression.rs:200] blackboard: 
SharedBlackBoardValue { bb_name: "num", bb_type: "i32", bb_value: RefCell { value: 4 } }

2025-02-03 13:57:54.155+08 0ms INFO main [examples\06_expression.rs:200] blackboard: 
SharedBlackBoardValue { bb_name: "num", bb_type: "i32", bb_value: RefCell { value: 6 } }

2025-02-03 13:57:54.155+08 0ms INFO main [examples\06_expression.rs:200] blackboard: 
SharedBlackBoardValue { bb_name: "num", bb_type: "i32", bb_value: RefCell { value: 8 } }

2025-02-03 13:57:54.155+08 0ms INFO main [examples\06_expression.rs:200] blackboard: 
SharedBlackBoardValue { bb_name: "num", bb_type: "i32", bb_value: RefCell { value: 10 } }

2025-02-03 13:57:54.155+08 0ms INFO main [examples\06_expression.rs:200] blackboard: 
SharedBlackBoardValue { bb_name: "num", bb_type: "i32", bb_value: RefCell { value: 15 } }

2025-02-03 13:57:54.155+08 0ms INFO main [examples\06_expression.rs:200] blackboard: 
SharedBlackBoardValue { bb_name: "num", bb_type: "i32", bb_value: RefCell { value: 20 } }

2025-02-03 13:57:54.155+08 0ms INFO main [examples\06_expression.rs:200] blackboard: 
SharedBlackBoardValue { bb_name: "num", bb_type: "i32", bb_value: RefCell { value: 30 } }

2025-02-03 13:57:54.155+08 0ms INFO main [examples\06_expression.rs:205] tree: 
[1]BranchNode:Success
├── [2]BranchCondNode:Success
│   ├── [3]ExpressionNode:Failure
│   ├── [4]ExpressionNode:Failure
│   └── [5]AlwaysSuccessNode:Success
├── [6]ExpressionNode:Idle
├── [7]ExpressionNode:Idle
└── [8]ExpressionNode:Success

